  INFO root [2021-06-16 23:33:12,110] - 
  INFO root [2021-06-16 23:33:12,110] - 
  INFO root [2021-06-16 23:33:12,113] - -----------------------------------------------------------------------------------------


  INFO root [2021-06-16 23:33:12,113] - -----------------------------------------------------------------------------------------


  INFO root [2021-06-16 23:33:12,141] - Resmgr::initialize: KBE_ROOT=H:/kbengine/kbengine/
  INFO root [2021-06-16 23:33:12,141] - Resmgr::initialize: KBE_ROOT=H:/kbengine/kbengine/
  INFO root [2021-06-16 23:33:12,142] - Resmgr::initialize: KBE_RES_PATH=H:/kbengine/kbengine/kbe/res/;H:/kbengine/kbengine/kbe_server_assets/;H:/kbengine/kbengine/kbe_server_assets/scripts/;H:/kbengine/kbengine/kbe_server_assets/res/
  INFO root [2021-06-16 23:33:12,142] - Resmgr::initialize: KBE_RES_PATH=H:/kbengine/kbengine/kbe/res/;H:/kbengine/kbengine/kbe_server_assets/;H:/kbengine/kbengine/kbe_server_assets/scripts/;H:/kbengine/kbengine/kbe_server_assets/res/
  INFO root [2021-06-16 23:33:12,142] - Resmgr::initialize: KBE_BIN_PATH=H:/kbengine/kbengine/kbe/bin/server/
  INFO root [2021-06-16 23:33:12,142] - Resmgr::initialize: KBE_BIN_PATH=H:/kbengine/kbengine/kbe/bin/server/
  INFO root [2021-06-16 23:33:12,214] - NetworkInterface::initialize(INTERNAL-TCP): bound to all interfaces with default route interface on 192.168.1.35 ( 192.168.1.35:9226 )
  INFO root [2021-06-16 23:33:12,214] - NetworkInterface::initialize(INTERNAL-TCP): bound to all interfaces with default route interface on 192.168.1.35 ( 192.168.1.35:9225 )
  INFO root [2021-06-16 23:33:12,215] - NetworkInterface::initialize(INTERNAL-TCP): address 192.168.1.35:9226, SOMAXCONN=511.
  INFO root [2021-06-16 23:33:12,215] - NetworkInterface::initialize(INTERNAL-TCP): address 192.168.1.35:9225, SOMAXCONN=511.
  INFO root [2021-06-16 23:33:12,259] - ---- tool Version: 2.5.10. ScriptVersion: 0.1.0. Pythoncore: 3.7.3. Protocol: ACE55A2934030C0DA3446BA0E5FAB5DD. Config: Debug X64. Built: 22:55:56 Jun 10 2021. AppI  INFO root [2021-06-16 23:33:12,259] - ---- tool Version: 2.5.10. ScriptVersion: 0.1.0. Pythoncore: 3.7.3. Protocol: ACE55A2934030C0DA3446BA0E5FAB5DD. Config: Debug X64. Built: 22:55:56 Jun 10 2021. AppID: 18446744073709551615. UID: 0. PID: 14016 ----
D: 18446744073709551615. UID: 0. PID: 12760 ----
  INFO root [2021-06-16 23:33:12,259] - Server hp: Intel(R) Core(TM) i7-7700HQ CPU @ 2.80GHz with 16616480kB RAM
  INFO root [2021-06-16 23:33:12,259] - Server hp: Intel(R) Core(TM) i7-7700HQ CPU @ 2.80GHz with 16616480kB RAM
  INFO root [2021-06-16 23:33:12,274] - ThreadPool::createThreadPool: creating  threadpool...
  INFO root [2021-06-16 23:33:12,274] - ThreadPool::createThreadPool: creating  threadpool...
  INFO root [2021-06-16 23:33:12,289] - ThreadPool::createThreadPool: successfully(2), newThreadCount=1, normalMaxThreadCount=2, maxThreadCount=8
  INFO root [2021-06-16 23:33:12,289] - ThreadPool::createThreadPool: successfully(2), newThreadCount=1, normalMaxThreadCount=2, maxThreadCount=8
  INFO root [2021-06-16 23:33:13,979] - Script::install(): is successfully, Python=(3.7.3 (tags/2.5.11:5283b9b85, Jun 10 2021, 22:54:44) [MSC v.1927 64 bit (AMD64)])!
  INFO root [2021-06-16 23:33:13,979] - Script::install(): is successfully, Python=(3.7.3 (tags/2.5.11:5283b9b85, Jun 10 2021, 22:54:44) [MSC v.1927 64 bit (AMD64)])!
  INFO root [2021-06-16 23:33:13,979] - Script::install(): KBExtra is successfully!
  INFO root [2021-06-16 23:33:13,979] - Script::install(): KBExtra is successfully!
 DEBUG root [2021-06-16 23:33:15,321] - ClientSDK::writeServerErrorDescrsModule(): H:\kbengine\kbengine\kbe_server_assets\/kbengine_unity3d_plugins//ServerErrorDescrs.cs
 DEBUG root [2021-06-16 23:33:15,368] - ClientSDK::saveFile(): H:\kbengine\kbengine\kbe_server_assets\/kbengine_unity3d_plugins/ServerErrorDescrs.cs
 DEBUG root [2021-06-16 23:33:15,368] - ClientSDK::writeEngineMessagesModule(): H:\kbengine\kbengine\kbe_server_assets\/kbengine_unity3d_plugins//Messages.cs
 DEBUG root [2021-06-16 23:33:15,423] - ClientSDK::saveFile(): H:\kbengine\kbengine\kbe_server_assets\/kbengine_unity3d_plugins/Messages.cs
 DEBUG root [2021-06-16 23:33:15,426] - ClientSDK::saveFile(): H:\kbengine\kbengine\kbe_server_assets\/kbengine_unity3d_plugins/KBETypes.cs
 DEBUG root [2021-06-16 23:33:15,427] - ClientSDK::writeEntityDefsModule(): H:\kbengine\kbengine\kbe_server_assets\/kbengine_unity3d_plugins//EntityDef.cs
 DEBUG root [2021-06-16 23:33:15,451] - ClientSDK::saveFile(): H:\kbengine\kbengine\kbe_server_assets\/kbengine_unity3d_plugins/EntityDef.cs
 DEBUG root [2021-06-16 23:33:15,452] - ClientSDK::saveFile(): H:\kbengine\kbengine\kbe_server_assets\/kbengine_unity3d_plugins/CustomDataTypes.cs
 DEBUG root [2021-06-16 23:33:15,452] - ClientSDK::writeEntityModule(): H:\kbengine\kbengine\kbe_server_assets\/kbengine_unity3d_plugins//Account
 DEBUG root [2021-06-16 23:33:15,456] - ClientSDK::saveFile(): H:\kbengine\kbengine\kbe_server_assets\/kbengine_unity3d_plugins/AccountBase.cs
 DEBUG root [2021-06-16 23:33:15,457] - ClientSDK::saveFile(): H:\kbengine\kbengine\kbe_server_assets\/kbengine_unity3d_plugins/EntityCallAccountBase.cs
 DEBUG root [2021-06-16 23:33:15,458] - ClientSDK::writeEntityModule(): H:\kbengine\kbengine\kbe_server_assets\/kbengine_unity3d_plugins//FirstEntity
 DEBUG root [2021-06-16 23:33:15,459] - ClientSDK::saveFile(): H:\kbengine\kbengine\kbe_server_assets\/kbengine_unity3d_plugins/FirstEntityBase.cs
 DEBUG root [2021-06-16 23:33:15,460] - ClientSDK::saveFile(): H:\kbengine\kbengine\kbe_server_assets\/kbengine_unity3d_plugins/EntityCallFirstEntityBase.cs
 DEBUG root [2021-06-16 23:33:15,460] - ClientSDK::writeEntityModule(): H:\kbengine\kbengine\kbe_server_assets\/kbengine_unity3d_plugins//FirstSpace
 DEBUG root [2021-06-16 23:33:15,461] - ClientSDK::saveFile(): H:\kbengine\kbengine\kbe_server_assets\/kbengine_unity3d_plugins/FirstSpaceBase.cs
 DEBUG root [2021-06-16 23:33:15,462] - ClientSDK::saveFile(): H:\kbengine\kbengine\kbe_server_assets\/kbengine_unity3d_plugins/EntityCallFirstSpaceBase.cs
  INFO root [2021-06-16 23:33:15,494] - Script::uninstall(): is successfully!
 DEBUG root [2021-06-16 23:33:15,494] - ThreadPool::destroy(): starting size 2.
 DEBUG root [2021-06-16 23:33:15,643] - ClientSDK::writeServerErrorDescrsModule(): H:\kbengine\kbengine\kbe_server_assets\/kbengine_ue4_plugins//
 DEBUG root [2021-06-16 23:33:15,646] - ClientSDK::saveFile(): H:\kbengine\kbengine\kbe_server_assets\/kbengine_ue4_plugins/Source/KBEnginePlugins/Engine/ServerErrorDescrs.h
 DEBUG root [2021-06-16 23:33:15,647] - ClientSDK::writeEngineMessagesModule(): H:\kbengine\kbengine\kbe_server_assets\/kbengine_ue4_plugins//Messages.cpp
 DEBUG root [2021-06-16 23:33:15,654] - ClientSDK::saveFile(): H:\kbengine\kbengine\kbe_server_assets\/kbengine_ue4_plugins/Source/KBEnginePlugins/Engine/Messages.cpp
 DEBUG root [2021-06-16 23:33:15,654] - ClientSDK::saveFile(): H:\kbengine\kbengine\kbe_server_assets\/kbengine_ue4_plugins/Source/KBEnginePlugins/Engine/Messages.h
 DEBUG root [2021-06-16 23:33:15,656] - ClientSDK::saveFile(): H:\kbengine\kbengine\kbe_server_assets\/kbengine_ue4_plugins/Source/KBEnginePlugins/Engine/KBETypes.h
 DEBUG root [2021-06-16 23:33:15,657] - ClientSDK::writeEntityDefsModule(): H:\kbengine\kbengine\kbe_server_assets\/kbengine_ue4_plugins//EntityDef.cpp
 DEBUG root [2021-06-16 23:33:15,659] - ClientSDK::saveFile(): H:\kbengine\kbengine\kbe_server_assets\/kbengine_ue4_plugins/Source/KBEnginePlugins/Engine/EntityDef.cpp
 DEBUG root [2021-06-16 23:33:15,660] - ClientSDK::saveFile(): H:\kbengine\kbengine\kbe_server_assets\/kbengine_ue4_plugins/Source/KBEnginePlugins/Engine/EntityDef.h
 DEBUG root [2021-06-16 23:33:15,661] - ClientSDK::saveFile(): H:\kbengine\kbengine\kbe_server_assets\/kbengine_ue4_plugins/Source/KBEnginePlugins/Engine/CustomDataTypes.cpp
 DEBUG root [2021-06-16 23:33:15,662] - ClientSDK::saveFile(): H:\kbengine\kbengine\kbe_server_assets\/kbengine_ue4_plugins/Source/KBEnginePlugins/Engine/CustomDataTypes.h
 DEBUG root [2021-06-16 23:33:15,662] - ClientSDK::writeEntityModule(): H:\kbengine\kbengine\kbe_server_assets\/kbengine_ue4_plugins/Source/KBEnginePlugins/Engine//Account
 DEBUG root [2021-06-16 23:33:15,663] - ClientSDK::saveFile(): H:\kbengine\kbengine\kbe_server_assets\/kbengine_ue4_plugins/Source/KBEnginePlugins/Engine/AccountBase.cpp
 DEBUG root [2021-06-16 23:33:15,664] - ClientSDK::saveFile(): H:\kbengine\kbengine\kbe_server_assets\/kbengine_ue4_plugins/Source/KBEnginePlugins/Engine/AccountBase.h
 DEBUG root [2021-06-16 23:33:15,665] - ClientSDK::saveFile(): H:\kbengine\kbengine\kbe_server_assets\/kbengine_ue4_plugins/Source/KBEnginePlugins/Engine/EntityCallAccountBase.cpp
 DEBUG root [2021-06-16 23:33:15,665] - ClientSDK::saveFile(): H:\kbengine\kbengine\kbe_server_assets\/kbengine_ue4_plugins/Source/KBEnginePlugins/Engine/EntityCallAccountBase.h
 DEBUG root [2021-06-16 23:33:15,666] - ClientSDK::writeEntityModule(): H:\kbengine\kbengine\kbe_server_assets\/kbengine_ue4_plugins/Source/KBEnginePlugins/Engine//FirstEntity
 DEBUG root [2021-06-16 23:33:15,667] - ClientSDK::saveFile(): H:\kbengine\kbengine\kbe_server_assets\/kbengine_ue4_plugins/Source/KBEnginePlugins/Engine/FirstEntityBase.cpp
 DEBUG root [2021-06-16 23:33:15,667] - ClientSDK::saveFile(): H:\kbengine\kbengine\kbe_server_assets\/kbengine_ue4_plugins/Source/KBEnginePlugins/Engine/FirstEntityBase.h
 DEBUG root [2021-06-16 23:33:15,668] - ClientSDK::saveFile(): H:\kbengine\kbengine\kbe_server_assets\/kbengine_ue4_plugins/Source/KBEnginePlugins/Engine/EntityCallFirstEntityBase.cpp
 DEBUG root [2021-06-16 23:33:15,668] - ClientSDK::saveFile(): H:\kbengine\kbengine\kbe_server_assets\/kbengine_ue4_plugins/Source/KBEnginePlugins/Engine/EntityCallFirstEntityBase.h
 DEBUG root [2021-06-16 23:33:15,669] - ClientSDK::writeEntityModule(): H:\kbengine\kbengine\kbe_server_assets\/kbengine_ue4_plugins/Source/KBEnginePlugins/Engine//FirstSpace
 DEBUG root [2021-06-16 23:33:15,670] - ClientSDK::saveFile(): H:\kbengine\kbengine\kbe_server_assets\/kbengine_ue4_plugins/Source/KBEnginePlugins/Engine/FirstSpaceBase.cpp
 DEBUG root [2021-06-16 23:33:15,670] - ClientSDK::saveFile(): H:\kbengine\kbengine\kbe_server_assets\/kbengine_ue4_plugins/Source/KBEnginePlugins/Engine/FirstSpaceBase.h
 DEBUG root [2021-06-16 23:33:15,671] - ClientSDK::saveFile(): H:\kbengine\kbengine\kbe_server_assets\/kbengine_ue4_plugins/Source/KBEnginePlugins/Engine/EntityCallFirstSpaceBase.cpp
 DEBUG root [2021-06-16 23:33:15,672] - ClientSDK::saveFile(): H:\kbengine\kbengine\kbe_server_assets\/kbengine_ue4_plugins/Source/KBEnginePlugins/Engine/EntityCallFirstSpaceBase.h
  INFO root [2021-06-16 23:33:15,683] - Script::uninstall(): is successfully!
 DEBUG root [2021-06-16 23:33:15,683] - ThreadPool::destroy(): starting size 2.
  WARN root [2021-06-16 23:33:15,801] - ThreadPool::destroy(): waiting for thread(2)[0x1e54e886690,0x1e54e886b90,], try=1
  WARN root [2021-06-16 23:33:15,984] - ThreadPool::destroy(): waiting for thread(2)[0x2efb6b05300,0x2efb6b049a0,], try=1
 DEBUG root [2021-06-16 23:33:16,207] - TPThread::~TPThread(): 0x1e54e886690
 DEBUG root [2021-06-16 23:33:16,207] - TPThread::~TPThread(): 0x1e54e886b90
 DEBUG root [2021-06-16 23:33:16,207] - ThreadPool::destroy(): successfully!
 DEBUG root [2021-06-16 23:33:16,238] - Bundle::destroyObjPool(): size 13.
 DEBUG root [2021-06-16 23:33:16,238] - Channel::destroyObjPool(): size 0.
 DEBUG root [2021-06-16 23:33:16,239] - TCPPacket::destroyObjPool(): size 0.
 DEBUG root [2021-06-16 23:33:16,239] - UDPPacket::destroyObjPool(): size 0.
 DEBUG root [2021-06-16 23:33:16,239] - EndPoint::destroyObjPool(): size 0.
 DEBUG root [2021-06-16 23:33:16,239] - Address::destroyObjPool(): size 0.
 DEBUG root [2021-06-16 23:33:16,243] - TCPPacketReceiver::destroyObjPool(): size 0.
 DEBUG root [2021-06-16 23:33:16,243] - UDPPacketReceiver::destroyObjPool(): size 0.
  INFO root [2021-06-16 23:33:16,243] - tool(18446744073709551615) has shut down. ClientSDK=true
 DEBUG root [2021-06-16 23:33:16,385] - TPThread::~TPThread(): 0x2efb6b05300
 DEBUG root [2021-06-16 23:33:16,385] - TPThread::~TPThread(): 0x2efb6b049a0
 DEBUG root [2021-06-16 23:33:16,385] - ThreadPool::destroy(): successfully!
 DEBUG root [2021-06-16 23:33:16,393] - Bundle::destroyObjPool(): size 4.
 DEBUG root [2021-06-16 23:33:16,394] - Channel::destroyObjPool(): size 0.
 DEBUG root [2021-06-16 23:33:16,394] - TCPPacket::destroyObjPool(): size 0.
 DEBUG root [2021-06-16 23:33:16,394] - UDPPacket::destroyObjPool(): size 0.
 DEBUG root [2021-06-16 23:33:16,394] - EndPoint::destroyObjPool(): size 0.
 DEBUG root [2021-06-16 23:33:16,394] - Address::destroyObjPool(): size 0.
 DEBUG root [2021-06-16 23:33:16,395] - TCPPacketReceiver::destroyObjPool(): size 0.
 DEBUG root [2021-06-16 23:33:16,395] - UDPPacketReceiver::destroyObjPool(): size 0.
  INFO root [2021-06-16 23:33:16,395] - tool(18446744073709551615) has shut down. ClientSDK=true
  INFO root [2021-06-16 23:33:17,294] - EventDispatcher()::~EventDispatcher: Num timers = 2
  INFO root [2021-06-16 23:33:17,396] - EventDispatcher()::~EventDispatcher: Num timers = 2
  INFO root [2021-06-16 23:36:42,747] - 
  INFO root [2021-06-16 23:36:42,748] - -----------------------------------------------------------------------------------------


  INFO root [2021-06-16 23:36:42,748] - Resmgr::initialize: KBE_ROOT=H:/kbengine/kbengine/
  INFO root [2021-06-16 23:36:42,748] - Resmgr::initialize: KBE_RES_PATH=H:/kbengine/kbengine/kbe/res/;H:/kbengine/kbengine/kbe_server_assets/;H:/kbengine/kbengine/kbe_server_assets/scripts/;H:/kbengine/kbengine/kbe_server_assets/res/
  INFO root [2021-06-16 23:36:42,748] - Resmgr::initialize: KBE_BIN_PATH=H:/kbengine/kbengine/kbe/bin/server/
  INFO root [2021-06-16 23:36:42,755] - 
  INFO root [2021-06-16 23:36:42,755] - -----------------------------------------------------------------------------------------


  INFO root [2021-06-16 23:36:42,756] - Resmgr::initialize: KBE_ROOT=H:/kbengine/kbengine/
  INFO root [2021-06-16 23:36:42,756] - Resmgr::initialize: KBE_RES_PATH=H:/kbengine/kbengine/kbe/res/;H:/kbengine/kbengine/kbe_server_assets/;H:/kbengine/kbengine/kbe_server_assets/scripts/;H:/kbengine/kbengine/kbe_server_assets/res/
  INFO root [2021-06-16 23:36:42,757] - Resmgr::initialize: KBE_BIN_PATH=H:/kbengine/kbengine/kbe/bin/server/
  INFO root [2021-06-16 23:36:42,758] - NetworkInterface::initialize(INTERNAL-TCP): bound to all interfaces with default route interface on 192.168.1.35 ( 192.168.1.35:9243 )
  INFO root [2021-06-16 23:36:42,759] - NetworkInterface::initialize(INTERNAL-TCP): address 192.168.1.35:9243, SOMAXCONN=511.
  INFO root [2021-06-16 23:36:42,765] - ---- tool Version: 2.5.10. ScriptVersion: 0.1.0. Pythoncore: 3.7.3. Protocol: ACE55A2934030C0DA3446BA0E5FAB5DD. Config: Debug X64. Built: 22:55:56 Jun 10 2021. AppID: 18446744073709551615. UID: 0. PID: 14108 ----
  INFO root [2021-06-16 23:36:42,765] - Server hp: Intel(R) Core(TM) i7-7700HQ CPU @ 2.80GHz with 16616480kB RAM
  INFO root [2021-06-16 23:36:42,765] - ThreadPool::createThreadPool: creating  threadpool...
  INFO root [2021-06-16 23:36:42,766] - ThreadPool::createThreadPool: successfully(2), newThreadCount=1, normalMaxThreadCount=2, maxThreadCount=8
  INFO root [2021-06-16 23:36:42,766] - NetworkInterface::initialize(INTERNAL-TCP): bound to all interfaces with default route interface on 192.168.1.35 ( 192.168.1.35:9244 )
  INFO root [2021-06-16 23:36:42,767] - NetworkInterface::initialize(INTERNAL-TCP): address 192.168.1.35:9244, SOMAXCONN=511.
  INFO root [2021-06-16 23:36:42,772] - ---- tool Version: 2.5.10. ScriptVersion: 0.1.0. Pythoncore: 3.7.3. Protocol: ACE55A2934030C0DA3446BA0E5FAB5DD. Config: Debug X64. Built: 22:55:56 Jun 10 2021. AppID: 18446744073709551615. UID: 0. PID: 14680 ----
  INFO root [2021-06-16 23:36:42,772] - Server hp: Intel(R) Core(TM) i7-7700HQ CPU @ 2.80GHz with 16616480kB RAM
  INFO root [2021-06-16 23:36:42,772] - ThreadPool::createThreadPool: creating  threadpool...
  INFO root [2021-06-16 23:36:42,773] - ThreadPool::createThreadPool: successfully(2), newThreadCount=1, normalMaxThreadCount=2, maxThreadCount=8
  INFO root [2021-06-16 23:36:42,941] - Script::install(): is successfully, Python=(3.7.3 (tags/2.5.11:5283b9b85, Jun 10 2021, 22:54:44) [MSC v.1927 64 bit (AMD64)])!
  INFO root [2021-06-16 23:36:42,941] - Script::install(): KBExtra is successfully!
  INFO root [2021-06-16 23:36:42,946] - Script::install(): is successfully, Python=(3.7.3 (tags/2.5.11:5283b9b85, Jun 10 2021, 22:54:44) [MSC v.1927 64 bit (AMD64)])!
  INFO root [2021-06-16 23:36:42,946] - Script::install(): KBExtra is successfully!
 DEBUG root [2021-06-16 23:36:43,552] - ClientSDK::writeServerErrorDescrsModule(): H:\kbengine\kbengine\kbe_server_assets\/kbengine_unity3d_plugins//ServerErrorDescrs.cs
 DEBUG root [2021-06-16 23:36:43,553] - ClientSDK::saveFile(): H:\kbengine\kbengine\kbe_server_assets\/kbengine_unity3d_plugins/ServerErrorDescrs.cs
 DEBUG root [2021-06-16 23:36:43,553] - ClientSDK::writeEngineMessagesModule(): H:\kbengine\kbengine\kbe_server_assets\/kbengine_unity3d_plugins//Messages.cs
 DEBUG root [2021-06-16 23:36:43,558] - ClientSDK::saveFile(): H:\kbengine\kbengine\kbe_server_assets\/kbengine_unity3d_plugins/Messages.cs
 DEBUG root [2021-06-16 23:36:43,574] - ClientSDK::saveFile(): H:\kbengine\kbengine\kbe_server_assets\/kbengine_unity3d_plugins/KBETypes.cs
 DEBUG root [2021-06-16 23:36:43,575] - ClientSDK::writeEntityDefsModule(): H:\kbengine\kbengine\kbe_server_assets\/kbengine_unity3d_plugins//EntityDef.cs
 DEBUG root [2021-06-16 23:36:43,578] - ClientSDK::saveFile(): H:\kbengine\kbengine\kbe_server_assets\/kbengine_unity3d_plugins/EntityDef.cs
 DEBUG root [2021-06-16 23:36:43,579] - ClientSDK::saveFile(): H:\kbengine\kbengine\kbe_server_assets\/kbengine_unity3d_plugins/CustomDataTypes.cs
 DEBUG root [2021-06-16 23:36:43,579] - ClientSDK::writeEntityModule(): H:\kbengine\kbengine\kbe_server_assets\/kbengine_unity3d_plugins//Account
 DEBUG root [2021-06-16 23:36:43,582] - ClientSDK::writeServerErrorDescrsModule(): H:\kbengine\kbengine\kbe_server_assets\/kbengine_ue4_plugins//
 DEBUG root [2021-06-16 23:36:43,583] - ClientSDK::saveFile(): H:\kbengine\kbengine\kbe_server_assets\/kbengine_ue4_plugins/Source/KBEnginePlugins/Engine/ServerErrorDescrs.h
 DEBUG root [2021-06-16 23:36:43,583] - ClientSDK::writeEngineMessagesModule(): H:\kbengine\kbengine\kbe_server_assets\/kbengine_ue4_plugins//Messages.cpp
 DEBUG root [2021-06-16 23:36:43,588] - ClientSDK::saveFile(): H:\kbengine\kbengine\kbe_server_assets\/kbengine_unity3d_plugins/AccountBase.cs
 DEBUG root [2021-06-16 23:36:43,588] - ClientSDK::saveFile(): H:\kbengine\kbengine\kbe_server_assets\/kbengine_ue4_plugins/Source/KBEnginePlugins/Engine/Messages.cpp
 DEBUG root [2021-06-16 23:36:43,589] - ClientSDK::saveFile(): H:\kbengine\kbengine\kbe_server_assets\/kbengine_ue4_plugins/Source/KBEnginePlugins/Engine/Messages.h
 DEBUG root [2021-06-16 23:36:43,589] - ClientSDK::saveFile(): H:\kbengine\kbengine\kbe_server_assets\/kbengine_unity3d_plugins/EntityCallAccountBase.cs
 DEBUG root [2021-06-16 23:36:43,590] - ClientSDK::writeEntityModule(): H:\kbengine\kbengine\kbe_server_assets\/kbengine_unity3d_plugins//Avatar
 DEBUG root [2021-06-16 23:36:43,591] - ClientSDK::saveFile(): H:\kbengine\kbengine\kbe_server_assets\/kbengine_unity3d_plugins/AvatarBase.cs
 DEBUG root [2021-06-16 23:36:43,591] - ClientSDK::saveFile(): H:\kbengine\kbengine\kbe_server_assets\/kbengine_ue4_plugins/Source/KBEnginePlugins/Engine/KBETypes.h
 DEBUG root [2021-06-16 23:36:43,592] - ClientSDK::writeEntityDefsModule(): H:\kbengine\kbengine\kbe_server_assets\/kbengine_ue4_plugins//EntityDef.cpp
 DEBUG root [2021-06-16 23:36:43,592] - ClientSDK::saveFile(): H:\kbengine\kbengine\kbe_server_assets\/kbengine_unity3d_plugins/EntityCallAvatarBase.cs
 DEBUG root [2021-06-16 23:36:43,592] - ClientSDK::writeEntityModule(): H:\kbengine\kbengine\kbe_server_assets\/kbengine_unity3d_plugins//Space_Test
 DEBUG root [2021-06-16 23:36:43,593] - ClientSDK::saveFile(): H:\kbengine\kbengine\kbe_server_assets\/kbengine_unity3d_plugins/Space_TestBase.cs
 DEBUG root [2021-06-16 23:36:43,594] - ClientSDK::saveFile(): H:\kbengine\kbengine\kbe_server_assets\/kbengine_unity3d_plugins/EntityCallSpace_TestBase.cs
 DEBUG root [2021-06-16 23:36:43,594] - ClientSDK::writeEntityModule(): H:\kbengine\kbengine\kbe_server_assets\/kbengine_unity3d_plugins//Space1
 DEBUG root [2021-06-16 23:36:43,595] - ClientSDK::saveFile(): H:\kbengine\kbengine\kbe_server_assets\/kbengine_ue4_plugins/Source/KBEnginePlugins/Engine/EntityDef.cpp
 DEBUG root [2021-06-16 23:36:43,595] - ClientSDK::saveFile(): H:\kbengine\kbengine\kbe_server_assets\/kbengine_unity3d_plugins/Space1Base.cs
 DEBUG root [2021-06-16 23:36:43,596] - ClientSDK::saveFile(): H:\kbengine\kbengine\kbe_server_assets\/kbengine_ue4_plugins/Source/KBEnginePlugins/Engine/EntityDef.h
 DEBUG root [2021-06-16 23:36:43,596] - ClientSDK::saveFile(): H:\kbengine\kbengine\kbe_server_assets\/kbengine_unity3d_plugins/EntityCallSpace1Base.cs
 DEBUG root [2021-06-16 23:36:43,601] - ClientSDK::saveFile(): H:\kbengine\kbengine\kbe_server_assets\/kbengine_ue4_plugins/Source/KBEnginePlugins/Engine/CustomDataTypes.cpp
 DEBUG root [2021-06-16 23:36:43,602] - ClientSDK::saveFile(): H:\kbengine\kbengine\kbe_server_assets\/kbengine_ue4_plugins/Source/KBEnginePlugins/Engine/CustomDataTypes.h
 DEBUG root [2021-06-16 23:36:43,603] - ClientSDK::writeEntityModule(): H:\kbengine\kbengine\kbe_server_assets\/kbengine_ue4_plugins/Source/KBEnginePlugins/Engine//Account
 DEBUG root [2021-06-16 23:36:43,605] - ClientSDK::saveFile(): H:\kbengine\kbengine\kbe_server_assets\/kbengine_ue4_plugins/Source/KBEnginePlugins/Engine/AccountBase.cpp
 DEBUG root [2021-06-16 23:36:43,606] - ClientSDK::saveFile(): H:\kbengine\kbengine\kbe_server_assets\/kbengine_ue4_plugins/Source/KBEnginePlugins/Engine/AccountBase.h
  INFO root [2021-06-16 23:36:43,606] - Script::uninstall(): is successfully!
 DEBUG root [2021-06-16 23:36:43,607] - ThreadPool::destroy(): starting size 2.
 DEBUG root [2021-06-16 23:36:43,607] - ClientSDK::saveFile(): H:\kbengine\kbengine\kbe_server_assets\/kbengine_ue4_plugins/Source/KBEnginePlugins/Engine/EntityCallAccountBase.cpp
 DEBUG root [2021-06-16 23:36:43,607] - ClientSDK::saveFile(): H:\kbengine\kbengine\kbe_server_assets\/kbengine_ue4_plugins/Source/KBEnginePlugins/Engine/EntityCallAccountBase.h
 DEBUG root [2021-06-16 23:36:43,608] - ClientSDK::writeEntityModule(): H:\kbengine\kbengine\kbe_server_assets\/kbengine_ue4_plugins/Source/KBEnginePlugins/Engine//Avatar
 DEBUG root [2021-06-16 23:36:43,609] - ClientSDK::saveFile(): H:\kbengine\kbengine\kbe_server_assets\/kbengine_ue4_plugins/Source/KBEnginePlugins/Engine/AvatarBase.cpp
 DEBUG root [2021-06-16 23:36:43,610] - ClientSDK::saveFile(): H:\kbengine\kbengine\kbe_server_assets\/kbengine_ue4_plugins/Source/KBEnginePlugins/Engine/AvatarBase.h
 DEBUG root [2021-06-16 23:36:43,610] - ClientSDK::saveFile(): H:\kbengine\kbengine\kbe_server_assets\/kbengine_ue4_plugins/Source/KBEnginePlugins/Engine/EntityCallAvatarBase.cpp
 DEBUG root [2021-06-16 23:36:43,611] - ClientSDK::saveFile(): H:\kbengine\kbengine\kbe_server_assets\/kbengine_ue4_plugins/Source/KBEnginePlugins/Engine/EntityCallAvatarBase.h
 DEBUG root [2021-06-16 23:36:43,611] - ClientSDK::writeEntityModule(): H:\kbengine\kbengine\kbe_server_assets\/kbengine_ue4_plugins/Source/KBEnginePlugins/Engine//Space_Test
 DEBUG root [2021-06-16 23:36:43,612] - ClientSDK::saveFile(): H:\kbengine\kbengine\kbe_server_assets\/kbengine_ue4_plugins/Source/KBEnginePlugins/Engine/Space_TestBase.cpp
 DEBUG root [2021-06-16 23:36:43,613] - ClientSDK::saveFile(): H:\kbengine\kbengine\kbe_server_assets\/kbengine_ue4_plugins/Source/KBEnginePlugins/Engine/Space_TestBase.h
 DEBUG root [2021-06-16 23:36:43,613] - ClientSDK::saveFile(): H:\kbengine\kbengine\kbe_server_assets\/kbengine_ue4_plugins/Source/KBEnginePlugins/Engine/EntityCallSpace_TestBase.cpp
 DEBUG root [2021-06-16 23:36:43,614] - ClientSDK::saveFile(): H:\kbengine\kbengine\kbe_server_assets\/kbengine_ue4_plugins/Source/KBEnginePlugins/Engine/EntityCallSpace_TestBase.h
 DEBUG root [2021-06-16 23:36:43,614] - ClientSDK::writeEntityModule(): H:\kbengine\kbengine\kbe_server_assets\/kbengine_ue4_plugins/Source/KBEnginePlugins/Engine//Space1
 DEBUG root [2021-06-16 23:36:43,615] - ClientSDK::saveFile(): H:\kbengine\kbengine\kbe_server_assets\/kbengine_ue4_plugins/Source/KBEnginePlugins/Engine/Space1Base.cpp
 DEBUG root [2021-06-16 23:36:43,615] - ClientSDK::saveFile(): H:\kbengine\kbengine\kbe_server_assets\/kbengine_ue4_plugins/Source/KBEnginePlugins/Engine/Space1Base.h
 DEBUG root [2021-06-16 23:36:43,616] - ClientSDK::saveFile(): H:\kbengine\kbengine\kbe_server_assets\/kbengine_ue4_plugins/Source/KBEnginePlugins/Engine/EntityCallSpace1Base.cpp
 DEBUG root [2021-06-16 23:36:43,616] - ClientSDK::saveFile(): H:\kbengine\kbengine\kbe_server_assets\/kbengine_ue4_plugins/Source/KBEnginePlugins/Engine/EntityCallSpace1Base.h
  INFO root [2021-06-16 23:36:43,625] - Script::uninstall(): is successfully!
 DEBUG root [2021-06-16 23:36:43,625] - ThreadPool::destroy(): starting size 2.
  WARN root [2021-06-16 23:36:43,908] - ThreadPool::destroy(): waiting for thread(2)[0x2169430d0e0,0x2169430cf00,], try=1
  WARN root [2021-06-16 23:36:43,927] - ThreadPool::destroy(): waiting for thread(2)[0x2897df884f0,0x2897df88db0,], try=1
 DEBUG root [2021-06-16 23:36:44,309] - TPThread::~TPThread(): 0x2169430d0e0
 DEBUG root [2021-06-16 23:36:44,309] - TPThread::~TPThread(): 0x2169430cf00
 DEBUG root [2021-06-16 23:36:44,309] - ThreadPool::destroy(): successfully!
 DEBUG root [2021-06-16 23:36:44,317] - Bundle::destroyObjPool(): size 10.
 DEBUG root [2021-06-16 23:36:44,317] - Channel::destroyObjPool(): size 0.
 DEBUG root [2021-06-16 23:36:44,318] - TCPPacket::destroyObjPool(): size 0.
 DEBUG root [2021-06-16 23:36:44,318] - UDPPacket::destroyObjPool(): size 0.
 DEBUG root [2021-06-16 23:36:44,318] - EndPoint::destroyObjPool(): size 0.
 DEBUG root [2021-06-16 23:36:44,318] - Address::destroyObjPool(): size 0.
 DEBUG root [2021-06-16 23:36:44,318] - TCPPacketReceiver::destroyObjPool(): size 0.
 DEBUG root [2021-06-16 23:36:44,318] - UDPPacketReceiver::destroyObjPool(): size 0.
  INFO root [2021-06-16 23:36:44,318] - tool(18446744073709551615) has shut down. ClientSDK=true
 DEBUG root [2021-06-16 23:36:44,328] - TPThread::~TPThread(): 0x2897df884f0
 DEBUG root [2021-06-16 23:36:44,328] - TPThread::~TPThread(): 0x2897df88db0
 DEBUG root [2021-06-16 23:36:44,328] - ThreadPool::destroy(): successfully!
 DEBUG root [2021-06-16 23:36:44,336] - Bundle::destroyObjPool(): size 15.
 DEBUG root [2021-06-16 23:36:44,336] - Channel::destroyObjPool(): size 0.
 DEBUG root [2021-06-16 23:36:44,336] - TCPPacket::destroyObjPool(): size 0.
 DEBUG root [2021-06-16 23:36:44,336] - UDPPacket::destroyObjPool(): size 0.
 DEBUG root [2021-06-16 23:36:44,336] - EndPoint::destroyObjPool(): size 0.
 DEBUG root [2021-06-16 23:36:44,337] - Address::destroyObjPool(): size 0.
 DEBUG root [2021-06-16 23:36:44,337] - TCPPacketReceiver::destroyObjPool(): size 0.
 DEBUG root [2021-06-16 23:36:44,337] - UDPPacketReceiver::destroyObjPool(): size 0.
  INFO root [2021-06-16 23:36:44,337] - tool(18446744073709551615) has shut down. ClientSDK=true
  INFO root [2021-06-16 23:36:45,319] - EventDispatcher()::~EventDispatcher: Num timers = 2
  INFO root [2021-06-16 23:36:45,339] - EventDispatcher()::~EventDispatcher: Num timers = 2
